Determining if the function sin exists failed with the following output:
Change Dir: /home/irina/projects/lughos/externalLibraries/src/wt-build/CMakeFiles/CMakeTmp

Run Build Command:/usr/bin/make "cmTryCompileExec393942852/fast"
make[4]: Entering directory `/home/irina/projects/lughos/externalLibraries/src/wt-build/CMakeFiles/CMakeTmp'
/usr/bin/make -f CMakeFiles/cmTryCompileExec393942852.dir/build.make CMakeFiles/cmTryCompileExec393942852.dir/build
make[5]: Entering directory `/home/irina/projects/lughos/externalLibraries/src/wt-build/CMakeFiles/CMakeTmp'
/usr/bin/cmake -E cmake_progress_report /home/irina/projects/lughos/externalLibraries/src/wt-build/CMakeFiles/CMakeTmp/CMakeFiles 1
Building C object CMakeFiles/cmTryCompileExec393942852.dir/CheckFunctionExists.c.o
/usr/bin/cc   -DCHECK_FUNCTION_EXISTS=sin   -o CMakeFiles/cmTryCompileExec393942852.dir/CheckFunctionExists.c.o   -c /usr/share/cmake-2.8/Modules/CheckFunctionExists.c
<command-line>:0:23: warning: conflicting types for built-in function ‘sin’ [enabled by default]
/usr/share/cmake-2.8/Modules/CheckFunctionExists.c:3:6: note: in expansion of macro ‘CHECK_FUNCTION_EXISTS’
 char CHECK_FUNCTION_EXISTS();
      ^
Linking C executable cmTryCompileExec393942852
/usr/bin/cmake -E cmake_link_script CMakeFiles/cmTryCompileExec393942852.dir/link.txt --verbose=1
/usr/bin/cc   -DCHECK_FUNCTION_EXISTS=sin    CMakeFiles/cmTryCompileExec393942852.dir/CheckFunctionExists.c.o  -o cmTryCompileExec393942852 -rdynamic 
CMakeFiles/cmTryCompileExec393942852.dir/CheckFunctionExists.c.o: In function `main':
CheckFunctionExists.c:(.text+0x15): undefined reference to `sin'
collect2: error: ld returned 1 exit status
make[5]: *** [cmTryCompileExec393942852] Error 1
make[5]: Leaving directory `/home/irina/projects/lughos/externalLibraries/src/wt-build/CMakeFiles/CMakeTmp'
make[4]: *** [cmTryCompileExec393942852/fast] Error 2
make[4]: Leaving directory `/home/irina/projects/lughos/externalLibraries/src/wt-build/CMakeFiles/CMakeTmp'


Determining if the Q_WS_WIN exist failed with the following output:
Change Dir: /home/irina/projects/lughos/externalLibraries/src/wt-build/CMakeFiles/CMakeTmp

Run Build Command:/usr/bin/make "cmTryCompileExec74468960/fast"
make[4]: Entering directory `/home/irina/projects/lughos/externalLibraries/src/wt-build/CMakeFiles/CMakeTmp'
/usr/bin/make -f CMakeFiles/cmTryCompileExec74468960.dir/build.make CMakeFiles/cmTryCompileExec74468960.dir/build
make[5]: Entering directory `/home/irina/projects/lughos/externalLibraries/src/wt-build/CMakeFiles/CMakeTmp'
/usr/bin/cmake -E cmake_progress_report /home/irina/projects/lughos/externalLibraries/src/wt-build/CMakeFiles/CMakeTmp/CMakeFiles 1
Building CXX object CMakeFiles/cmTryCompileExec74468960.dir/CheckSymbolExists.cxx.o
/usr/bin/c++    -I/usr/include/qt4    -o CMakeFiles/cmTryCompileExec74468960.dir/CheckSymbolExists.cxx.o -c /home/irina/projects/lughos/externalLibraries/src/wt-build/CMakeFiles/CMakeTmp/CheckSymbolExists.cxx
/home/irina/projects/lughos/externalLibraries/src/wt-build/CMakeFiles/CMakeTmp/CheckSymbolExists.cxx: In function ‘int main(int, char**)’:
/home/irina/projects/lughos/externalLibraries/src/wt-build/CMakeFiles/CMakeTmp/CheckSymbolExists.cxx:8:19: error: ‘Q_WS_WIN’ was not declared in this scope
   return ((int*)(&Q_WS_WIN))[argc];
                   ^
make[5]: *** [CMakeFiles/cmTryCompileExec74468960.dir/CheckSymbolExists.cxx.o] Error 1
make[5]: Leaving directory `/home/irina/projects/lughos/externalLibraries/src/wt-build/CMakeFiles/CMakeTmp'
make[4]: *** [cmTryCompileExec74468960/fast] Error 2
make[4]: Leaving directory `/home/irina/projects/lughos/externalLibraries/src/wt-build/CMakeFiles/CMakeTmp'

File /home/irina/projects/lughos/externalLibraries/src/wt-build/CMakeFiles/CMakeTmp/CheckSymbolExists.cxx:
/* */
#include <QtCore/qglobal.h>

int main(int argc, char** argv)
{
  (void)argv;
#ifndef Q_WS_WIN
  return ((int*)(&Q_WS_WIN))[argc];
#else
  (void)argc;
  return 0;
#endif
}

Determining if the Q_WS_QWS exist failed with the following output:
Change Dir: /home/irina/projects/lughos/externalLibraries/src/wt-build/CMakeFiles/CMakeTmp

Run Build Command:/usr/bin/make "cmTryCompileExec489537254/fast"
make[4]: Entering directory `/home/irina/projects/lughos/externalLibraries/src/wt-build/CMakeFiles/CMakeTmp'
/usr/bin/make -f CMakeFiles/cmTryCompileExec489537254.dir/build.make CMakeFiles/cmTryCompileExec489537254.dir/build
make[5]: Entering directory `/home/irina/projects/lughos/externalLibraries/src/wt-build/CMakeFiles/CMakeTmp'
/usr/bin/cmake -E cmake_progress_report /home/irina/projects/lughos/externalLibraries/src/wt-build/CMakeFiles/CMakeTmp/CMakeFiles 1
Building CXX object CMakeFiles/cmTryCompileExec489537254.dir/CheckSymbolExists.cxx.o
/usr/bin/c++    -I/usr/include/qt4    -o CMakeFiles/cmTryCompileExec489537254.dir/CheckSymbolExists.cxx.o -c /home/irina/projects/lughos/externalLibraries/src/wt-build/CMakeFiles/CMakeTmp/CheckSymbolExists.cxx
/home/irina/projects/lughos/externalLibraries/src/wt-build/CMakeFiles/CMakeTmp/CheckSymbolExists.cxx: In function ‘int main(int, char**)’:
/home/irina/projects/lughos/externalLibraries/src/wt-build/CMakeFiles/CMakeTmp/CheckSymbolExists.cxx:8:19: error: ‘Q_WS_QWS’ was not declared in this scope
   return ((int*)(&Q_WS_QWS))[argc];
                   ^
make[5]: *** [CMakeFiles/cmTryCompileExec489537254.dir/CheckSymbolExists.cxx.o] Error 1
make[5]: Leaving directory `/home/irina/projects/lughos/externalLibraries/src/wt-build/CMakeFiles/CMakeTmp'
make[4]: *** [cmTryCompileExec489537254/fast] Error 2
make[4]: Leaving directory `/home/irina/projects/lughos/externalLibraries/src/wt-build/CMakeFiles/CMakeTmp'

File /home/irina/projects/lughos/externalLibraries/src/wt-build/CMakeFiles/CMakeTmp/CheckSymbolExists.cxx:
/* */
#include <QtCore/qglobal.h>

int main(int argc, char** argv)
{
  (void)argv;
#ifndef Q_WS_QWS
  return ((int*)(&Q_WS_QWS))[argc];
#else
  (void)argc;
  return 0;
#endif
}

Determining if the Q_WS_MAC exist failed with the following output:
Change Dir: /home/irina/projects/lughos/externalLibraries/src/wt-build/CMakeFiles/CMakeTmp

Run Build Command:/usr/bin/make "cmTryCompileExec3467129885/fast"
make[4]: Entering directory `/home/irina/projects/lughos/externalLibraries/src/wt-build/CMakeFiles/CMakeTmp'
/usr/bin/make -f CMakeFiles/cmTryCompileExec3467129885.dir/build.make CMakeFiles/cmTryCompileExec3467129885.dir/build
make[5]: Entering directory `/home/irina/projects/lughos/externalLibraries/src/wt-build/CMakeFiles/CMakeTmp'
/usr/bin/cmake -E cmake_progress_report /home/irina/projects/lughos/externalLibraries/src/wt-build/CMakeFiles/CMakeTmp/CMakeFiles 1
Building CXX object CMakeFiles/cmTryCompileExec3467129885.dir/CheckSymbolExists.cxx.o
/usr/bin/c++    -I/usr/include/qt4    -o CMakeFiles/cmTryCompileExec3467129885.dir/CheckSymbolExists.cxx.o -c /home/irina/projects/lughos/externalLibraries/src/wt-build/CMakeFiles/CMakeTmp/CheckSymbolExists.cxx
/home/irina/projects/lughos/externalLibraries/src/wt-build/CMakeFiles/CMakeTmp/CheckSymbolExists.cxx: In function ‘int main(int, char**)’:
/home/irina/projects/lughos/externalLibraries/src/wt-build/CMakeFiles/CMakeTmp/CheckSymbolExists.cxx:8:19: error: ‘Q_WS_MAC’ was not declared in this scope
   return ((int*)(&Q_WS_MAC))[argc];
                   ^
make[5]: *** [CMakeFiles/cmTryCompileExec3467129885.dir/CheckSymbolExists.cxx.o] Error 1
make[5]: Leaving directory `/home/irina/projects/lughos/externalLibraries/src/wt-build/CMakeFiles/CMakeTmp'
make[4]: *** [cmTryCompileExec3467129885/fast] Error 2
make[4]: Leaving directory `/home/irina/projects/lughos/externalLibraries/src/wt-build/CMakeFiles/CMakeTmp'

File /home/irina/projects/lughos/externalLibraries/src/wt-build/CMakeFiles/CMakeTmp/CheckSymbolExists.cxx:
/* */
#include <QtCore/qglobal.h>

int main(int argc, char** argv)
{
  (void)argv;
#ifndef Q_WS_MAC
  return ((int*)(&Q_WS_MAC))[argc];
#else
  (void)argc;
  return 0;
#endif
}

Determining if the pthread_create exist failed with the following output:
Change Dir: /home/irina/projects/lughos/externalLibraries/src/wt-build/CMakeFiles/CMakeTmp

Run Build Command:/usr/bin/make "cmTryCompileExec641956762/fast"
make[4]: Entering directory `/home/irina/projects/lughos/externalLibraries/src/wt-build/CMakeFiles/CMakeTmp'
/usr/bin/make -f CMakeFiles/cmTryCompileExec641956762.dir/build.make CMakeFiles/cmTryCompileExec641956762.dir/build
make[5]: Entering directory `/home/irina/projects/lughos/externalLibraries/src/wt-build/CMakeFiles/CMakeTmp'
/usr/bin/cmake -E cmake_progress_report /home/irina/projects/lughos/externalLibraries/src/wt-build/CMakeFiles/CMakeTmp/CMakeFiles 1
Building C object CMakeFiles/cmTryCompileExec641956762.dir/CheckSymbolExists.c.o
/usr/bin/cc    -o CMakeFiles/cmTryCompileExec641956762.dir/CheckSymbolExists.c.o   -c /home/irina/projects/lughos/externalLibraries/src/wt-build/CMakeFiles/CMakeTmp/CheckSymbolExists.c
Linking C executable cmTryCompileExec641956762
/usr/bin/cmake -E cmake_link_script CMakeFiles/cmTryCompileExec641956762.dir/link.txt --verbose=1
/usr/bin/cc       CMakeFiles/cmTryCompileExec641956762.dir/CheckSymbolExists.c.o  -o cmTryCompileExec641956762 -rdynamic 
CMakeFiles/cmTryCompileExec641956762.dir/CheckSymbolExists.c.o: In function `main':
CheckSymbolExists.c:(.text+0x16): undefined reference to `pthread_create'
collect2: error: ld returned 1 exit status
make[5]: *** [cmTryCompileExec641956762] Error 1
make[5]: Leaving directory `/home/irina/projects/lughos/externalLibraries/src/wt-build/CMakeFiles/CMakeTmp'
make[4]: *** [cmTryCompileExec641956762/fast] Error 2
make[4]: Leaving directory `/home/irina/projects/lughos/externalLibraries/src/wt-build/CMakeFiles/CMakeTmp'

File /home/irina/projects/lughos/externalLibraries/src/wt-build/CMakeFiles/CMakeTmp/CheckSymbolExists.c:
/* */
#include <pthread.h>

int main(int argc, char** argv)
{
  (void)argv;
#ifndef pthread_create
  return ((int*)(&pthread_create))[argc];
#else
  (void)argc;
  return 0;
#endif
}

Determining if the function pthread_create exists in the pthreads failed with the following output:
Change Dir: /home/irina/projects/lughos/externalLibraries/src/wt-build/CMakeFiles/CMakeTmp

Run Build Command:/usr/bin/make "cmTryCompileExec873121503/fast"
make[4]: Entering directory `/home/irina/projects/lughos/externalLibraries/src/wt-build/CMakeFiles/CMakeTmp'
/usr/bin/make -f CMakeFiles/cmTryCompileExec873121503.dir/build.make CMakeFiles/cmTryCompileExec873121503.dir/build
make[5]: Entering directory `/home/irina/projects/lughos/externalLibraries/src/wt-build/CMakeFiles/CMakeTmp'
/usr/bin/cmake -E cmake_progress_report /home/irina/projects/lughos/externalLibraries/src/wt-build/CMakeFiles/CMakeTmp/CMakeFiles 1
Building C object CMakeFiles/cmTryCompileExec873121503.dir/CheckFunctionExists.c.o
/usr/bin/cc   -DCHECK_FUNCTION_EXISTS=pthread_create   -o CMakeFiles/cmTryCompileExec873121503.dir/CheckFunctionExists.c.o   -c /usr/share/cmake-2.8/Modules/CheckFunctionExists.c
Linking C executable cmTryCompileExec873121503
/usr/bin/cmake -E cmake_link_script CMakeFiles/cmTryCompileExec873121503.dir/link.txt --verbose=1
/usr/bin/cc   -DCHECK_FUNCTION_EXISTS=pthread_create    CMakeFiles/cmTryCompileExec873121503.dir/CheckFunctionExists.c.o  -o cmTryCompileExec873121503 -rdynamic -lpthreads 
/usr/bin/ld: cannot find -lpthreads
collect2: error: ld returned 1 exit status
make[5]: *** [cmTryCompileExec873121503] Error 1
make[5]: Leaving directory `/home/irina/projects/lughos/externalLibraries/src/wt-build/CMakeFiles/CMakeTmp'
make[4]: *** [cmTryCompileExec873121503/fast] Error 2
make[4]: Leaving directory `/home/irina/projects/lughos/externalLibraries/src/wt-build/CMakeFiles/CMakeTmp'


Determining if the function crypt exists failed with the following output:
Change Dir: /home/irina/projects/lughos/externalLibraries/src/wt-build/CMakeFiles/CMakeTmp

Run Build Command:/usr/bin/make "cmTryCompileExec3145043646/fast"
make[4]: Entering directory `/home/irina/projects/lughos/externalLibraries/src/wt-build/CMakeFiles/CMakeTmp'
/usr/bin/make -f CMakeFiles/cmTryCompileExec3145043646.dir/build.make CMakeFiles/cmTryCompileExec3145043646.dir/build
make[5]: Entering directory `/home/irina/projects/lughos/externalLibraries/src/wt-build/CMakeFiles/CMakeTmp'
/usr/bin/cmake -E cmake_progress_report /home/irina/projects/lughos/externalLibraries/src/wt-build/CMakeFiles/CMakeTmp/CMakeFiles 1
Building C object CMakeFiles/cmTryCompileExec3145043646.dir/CheckFunctionExists.c.o
/usr/bin/cc   -DCHECK_FUNCTION_EXISTS=crypt   -o CMakeFiles/cmTryCompileExec3145043646.dir/CheckFunctionExists.c.o   -c /usr/share/cmake-2.8/Modules/CheckFunctionExists.c
Linking C executable cmTryCompileExec3145043646
/usr/bin/cmake -E cmake_link_script CMakeFiles/cmTryCompileExec3145043646.dir/link.txt --verbose=1
/usr/bin/cc   -DCHECK_FUNCTION_EXISTS=crypt    CMakeFiles/cmTryCompileExec3145043646.dir/CheckFunctionExists.c.o  -o cmTryCompileExec3145043646 -rdynamic 
CMakeFiles/cmTryCompileExec3145043646.dir/CheckFunctionExists.c.o: In function `main':
CheckFunctionExists.c:(.text+0x15): undefined reference to `crypt'
collect2: error: ld returned 1 exit status
make[5]: *** [cmTryCompileExec3145043646] Error 1
make[5]: Leaving directory `/home/irina/projects/lughos/externalLibraries/src/wt-build/CMakeFiles/CMakeTmp'
make[4]: *** [cmTryCompileExec3145043646/fast] Error 2
make[4]: Leaving directory `/home/irina/projects/lughos/externalLibraries/src/wt-build/CMakeFiles/CMakeTmp'


